2019-01-29 12:27:42 INFO  Test1:29 - login functin started
2019-01-29 12:27:47 INFO  Test1:37 - login functin completed
2019-01-29 12:27:47 INFO  Test1:42 - search function started
2019-01-29 12:27:51 INFO  Test1:48 - search function completed
2019-01-29 12:28:43 INFO  Test1:29 - login functin started
2019-01-29 12:28:43 INFO  DataInteraction:26 - Read excel is invokded
2019-01-29 12:28:43 INFO  DataInteraction:32 - in try block
2019-01-29 12:28:44 INFO  DataInteraction:52 - befor read
2019-01-29 12:28:44 INFO  DataInteraction:76 - after read
2019-01-29 12:28:45 INFO  Test1:37 - login functin completed
2019-01-29 12:28:45 INFO  Test1:42 - search function started
2019-01-29 12:28:45 INFO  DataInteraction:26 - Read excel is invokded
2019-01-29 12:28:45 INFO  DataInteraction:32 - in try block
2019-01-29 12:28:45 INFO  DataInteraction:52 - befor read
2019-01-29 12:28:45 INFO  DataInteraction:76 - after read
2019-01-29 12:28:49 INFO  Test1:48 - search function completed
2019-02-07 11:13:03 INFO  Test1:34 - login functin started
2019-02-07 11:13:03 INFO  DataInteraction:26 - Read excel is invokded
2019-02-07 11:13:03 INFO  DataInteraction:32 - in try block
2019-02-07 11:13:03 INFO  DataInteraction:52 - before read
2019-02-07 11:13:03 INFO  DataInteraction:76 - after read
2019-02-07 11:13:05 INFO  Test1:42 - login functin completed
2019-02-07 11:13:05 INFO  Test1:52 - search function started
2019-02-07 11:13:05 INFO  DataInteraction:26 - Read excel is invokded
2019-02-07 11:13:05 INFO  DataInteraction:32 - in try block
2019-02-07 11:13:05 INFO  DataInteraction:52 - before read
2019-02-07 11:13:05 INFO  DataInteraction:76 - after read
2019-02-07 11:13:08 INFO  Test1:58 - search function completed
